0 info it worked if it ends with ok
1 verbose cli [ '/usr/local/bin/node',
1 verbose cli   '/usr/local/bin/npm',
1 verbose cli   'publish',
1 verbose cli   '--access=public' ]
2 info using npm@2.15.9
3 info using node@v6.2.2
4 verbose publish [ '.' ]
5 silly cache add args [ '.', null ]
6 verbose cache add spec .
7 silly cache add parsed spec Result {
7 silly cache add   raw: '.',
7 silly cache add   scope: null,
7 silly cache add   name: null,
7 silly cache add   rawSpec: '.',
7 silly cache add   spec: '/Users/scott/Agilatech/dist/addons/cozir5',
7 silly cache add   type: 'directory' }
8 verbose addLocalDirectory /Users/scott/.npm/@agilatech/cozir5/0.9.0/package.tgz not in flight; packing
9 verbose correctMkdir /Users/scott/.npm correctMkdir not in flight; initializing
10 verbose tar pack [ '/Users/scott/.npm/@agilatech/cozir5/0.9.0/package.tgz',
10 verbose tar pack   '/Users/scott/Agilatech/dist/addons/cozir5' ]
11 verbose tarball /Users/scott/.npm/@agilatech/cozir5/0.9.0/package.tgz
12 verbose folder /Users/scott/Agilatech/dist/addons/cozir5
13 info prepublish @agilatech/cozir5@0.9.0
14 verbose addLocalTarball adding from inside cache /Users/scott/.npm/@agilatech/cozir5/0.9.0/package.tgz
15 verbose correctMkdir /Users/scott/.npm correctMkdir not in flight; initializing
16 silly cache afterAdd @agilatech/cozir5@0.9.0
17 verbose afterAdd /Users/scott/.npm/@agilatech/cozir5/0.9.0/package/package.json not in flight; writing
18 verbose correctMkdir /Users/scott/.npm correctMkdir not in flight; initializing
19 verbose afterAdd /Users/scott/.npm/@agilatech/cozir5/0.9.0/package/package.json written
20 silly publish { name: '@agilatech/cozir5',
20 silly publish   version: '0.9.0',
20 silly publish   description: 'Driver for the COZIR5 Sensor',
20 silly publish   main: './build/Release/cozir5',
20 silly publish   gypfile: true,
20 silly publish   scripts: { install: 'node-gyp rebuild' },
20 silly publish   repository:
20 silly publish    { type: 'git',
20 silly publish      url: 'git+https://github.com/Agilatech/cozir5.git' },
20 silly publish   keywords: [ 'Sensor', 'COZIR5', 'CO2' ],
20 silly publish   author: { name: 'Scott Erholm', email: 'scott@agilatech.com' },
20 silly publish   license: 'MIT',
20 silly publish   readme: '##Node addon for hardware COZIR5 CO2 sensor\n\n#####This addon should work on any Linux platform, but has only been tested on BBB\n\n###Install\n\n```\nnpm install @agilatech/cozir5\n```\nOR\n```\ngit clone https://github.com/Agilatech/cozir5.git\nnode-gyp configure build\n```\n\n###Usage\n#####Load the module and create and instance\n```\nconst addon = require(\'cozir5\');\n\n// create an instance on the /dev/ttyO2 serial device file\nconst cozir5 = new addon.Cozir5(\'/dev/ttyO2\');\n```\n#####Get basic device info\n```\nconst name = cozir5.deviceName();  // returns string with name of device\nconst version = cozir5.deviceVersion(); // returns this software version\nconst active = cozir5.deviceActive(); // true if active, false if inactive\nconst numVals =  cozir5.deviceNumValues(); // returns the number of paramters sensed\n```\n####Get paramter info and values\n```\nconst paramName0 = cozir5.nameAtIndex(0);\nconst paramType0 = cozir5.typeAtIndex(0);\nconst paramVal0  = cozir5.valueAtIndexSync(0);\n```\n####Asynchronous value collection is also available\n```\ncozir5.valueAtIndex(0, function(err, val) {\n    if (err) {\n        console.log(err);\n    }\n    else {\n        console.log(`Asynchronous call return: ${val}`);\n    }\n});\n```\n\n###Dependencies\n* node-gyp\n\n###Copyright\nCopyright © 2016 Agilatech. All Rights Reserved.\n\nPermission is hereby granted, free of charge, to any person obtaining a copy of this software and associated documentation files (the "Software"), to deal in the Software without restriction, including without limitation the rights to use, copy, modify, merge, publish, distribute, sublicense, and/or sell copies of the Software, and to permit persons to whom the Software is furnished to do so, subject to the following conditions:\n\nThe above copyright notice and this permission notice shall be included in all copies or substantial portions of the Software.\n\nTHE SOFTWARE IS PROVIDED "AS IS", WITHOUT WARRANTY OF ANY KIND, EXPRESS OR IMPLIED, INCLUDING BUT NOT LIMITED TO THE WARRANTIES OF MERCHANTABILITY, FITNESS FOR A PARTICULAR PURPOSE AND NONINFRINGEMENT. IN NO EVENT SHALL THE AUTHORS OR COPYRIGHT HOLDERS BE LIABLE FOR ANY CLAIM, DAMAGES OR OTHER LIABILITY, WHETHER IN AN ACTION OF CONTRACT, TORT OR OTHERWISE, ARISING FROM, OUT OF OR IN CONNECTION WITH THE SOFTWARE OR THE USE OR OTHER DEALINGS IN THE SOFTWARE.\n\n',
20 silly publish   readmeFilename: 'README.md',
20 silly publish   gitHead: 'faa7d55dcef1d290a48eb50d7f8c4a3415ab2992',
20 silly publish   bugs: { url: 'https://github.com/Agilatech/cozir5/issues' },
20 silly publish   homepage: 'https://github.com/Agilatech/cozir5#readme',
20 silly publish   _id: '@agilatech/cozir5@0.9.0',
20 silly publish   _shasum: 'fa204cd3bf07bbdb5c2c617f777bcdc1ede2b8f9',
20 silly publish   _from: '.' }
21 verbose getPublishConfig undefined
22 silly mapToRegistry name @agilatech/cozir5
23 silly mapToRegistry scope (from package name) @agilatech
24 silly mapToRegistry registry https://registry.npmjs.org/
25 silly mapToRegistry data Result {
25 silly mapToRegistry   raw: '@agilatech/cozir5',
25 silly mapToRegistry   scope: '@agilatech',
25 silly mapToRegistry   name: '@agilatech/cozir5',
25 silly mapToRegistry   rawSpec: '',
25 silly mapToRegistry   spec: 'latest',
25 silly mapToRegistry   type: 'tag' }
26 silly mapToRegistry uri https://registry.npmjs.org/@agilatech%2fcozir5
27 verbose publish registryBase https://registry.npmjs.org/
28 silly publish uploading /Users/scott/.npm/@agilatech/cozir5/0.9.0/package.tgz
29 verbose request uri https://registry.npmjs.org/@agilatech%2fcozir5
30 verbose request sending authorization for write operation
31 info attempt registry request try #1 at 1:27:56 PM
32 verbose request using bearer token for auth
33 verbose request id 58c7cff2e4557cfa
34 http request PUT https://registry.npmjs.org/@agilatech%2fcozir5
35 http 403 https://registry.npmjs.org/@agilatech%2fcozir5
36 verbose headers { 'content-type': 'application/json',
36 verbose headers   'cache-control': 'max-age=0',
36 verbose headers   'content-length': '95',
36 verbose headers   'accept-ranges': 'bytes',
36 verbose headers   date: 'Wed, 10 Aug 2016 19:27:58 GMT',
36 verbose headers   via: '1.1 varnish',
36 verbose headers   connection: 'keep-alive',
36 verbose headers   'x-served-by': 'cache-sea1927-SEA',
36 verbose headers   'x-cache': 'MISS',
36 verbose headers   'x-cache-hits': '0',
36 verbose headers   'x-timer': 'S1470857277.783485,VS0,VE255' }
37 verbose request invalidating /Users/scott/.npm/registry.npmjs.org/_40agilatech_252fcozir5 on PUT
38 error publish Failed PUT 403
39 verbose stack Error: "You cannot publish over the previously published version 0.9.0." : @agilatech/cozir5
39 verbose stack     at makeError (/usr/local/lib/node_modules/npm/node_modules/npm-registry-client/lib/request.js:264:12)
39 verbose stack     at CachingRegistryClient.<anonymous> (/usr/local/lib/node_modules/npm/node_modules/npm-registry-client/lib/request.js:252:14)
39 verbose stack     at Request._callback (/usr/local/lib/node_modules/npm/node_modules/npm-registry-client/lib/request.js:172:14)
39 verbose stack     at Request.self.callback (/usr/local/lib/node_modules/npm/node_modules/request/request.js:200:22)
39 verbose stack     at emitTwo (events.js:106:13)
39 verbose stack     at Request.emit (events.js:191:7)
39 verbose stack     at Request.<anonymous> (/usr/local/lib/node_modules/npm/node_modules/request/request.js:1067:10)
39 verbose stack     at emitOne (events.js:101:20)
39 verbose stack     at Request.emit (events.js:188:7)
39 verbose stack     at IncomingMessage.<anonymous> (/usr/local/lib/node_modules/npm/node_modules/request/request.js:988:12)
40 verbose statusCode 403
41 verbose pkgid @agilatech/cozir5
42 verbose cwd /Users/scott/Agilatech/dist/addons/cozir5
43 error Darwin 15.6.0
44 error argv "/usr/local/bin/node" "/usr/local/bin/npm" "publish" "--access=public"
45 error node v6.2.2
46 error npm  v2.15.9
47 error code E403
48 error "You cannot publish over the previously published version 0.9.0." : @agilatech/cozir5
49 error If you need help, you may report this error at:
49 error     <https://github.com/npm/npm/issues>
50 verbose exit [ 1, true ]
